<?xml version="1.0" encoding="UTF-8"?>
<!-- Generated by org.testng.reporters.JUnitReportReporter -->
<testsuite hostname="DESKTOP-EMOO80V" failures="0" tests="2" name="mypro.test1" time="0.033" errors="0" timestamp="2022-06-01T15:40:05 IST" skipped="0">
  <testcase classname="mypro.test1" name="testLogin" time="0.029"/>
  <system-out/>
  <testcase classname="mypro.test1" name="testLogin2" time="0.004"/>
  <system-out/>
</testsuite> <!-- mypro.test1 -->
