<?xml version="1.0" encoding="UTF-8"?>
<!-- Generated by org.testng.reporters.JUnitReportReporter -->
<testsuite hostname="DESKTOP-EMOO80V" failures="0" tests="2" name="mypro.test1" time="0.036" errors="0" timestamp="2022-06-17T17:30:27 IST" skipped="0">
  <testcase classname="mypro.test1" name="testLogin" time="0.034"/>
  <system-out/>
  <testcase classname="mypro.test1" name="testLogin2" time="0.002"/>
  <system-out/>
</testsuite> <!-- mypro.test1 -->
