<?xml version="1.0" encoding="UTF-8"?>
<!-- Generated by org.testng.reporters.JUnitReportReporter -->
<testsuite hostname="DESKTOP-EMOO80V" failures="0" tests="2" name="mypro.test1" time="0.030" errors="0" timestamp="2022-07-05T12:23:04 IST" skipped="0">
  <testcase classname="mypro.test1" name="testLogin" time="0.028"/>
  <system-out/>
  <testcase classname="mypro.test1" name="testLogin2" time="0.002"/>
  <system-out/>
</testsuite> <!-- mypro.test1 -->
