<?xml version="1.0" encoding="UTF-8"?>
<!-- Generated by org.testng.reporters.JUnitReportReporter -->
<testsuite hostname="DESKTOP-EMOO80V" failures="0" tests="1" name="mypro.test2" time="64.218" errors="0" timestamp="2022-06-17T17:30:27 IST" skipped="0">
  <testcase classname="mypro.test2" name="intializeBrowser" time="64.218"/>
  <system-out/>
</testsuite> <!-- mypro.test2 -->
